[debug] [2025-04-08T19:37:02.852Z] ----------------------------------------------------------------------
[debug] [2025-04-08T19:37:02.857Z] Command:       C:\Program Files\nodejs\node.exe C:\Users\x523726\AppData\Roaming\npm\node_modules\firebase-tools\lib\bin\firebase.js deploy
[debug] [2025-04-08T19:37:02.857Z] CLI Version:   14.0.1
[debug] [2025-04-08T19:37:02.857Z] Platform:      win32
[debug] [2025-04-08T19:37:02.858Z] Node Version:  v20.18.0
[debug] [2025-04-08T19:37:02.858Z] Time:          Tue Apr 08 2025 16:37:02 GMT-0300 (Horário Padrão de Brasília)
[debug] [2025-04-08T19:37:02.858Z] ----------------------------------------------------------------------
[debug] 
[debug] [2025-04-08T19:37:02.875Z] >>> [apiv2][query] GET https://firebase-public.firebaseio.com/cli.json [none]
[debug] [2025-04-08T19:37:03.224Z] > command requires scopes: ["email","openid","https://www.googleapis.com/auth/cloudplatformprojects.readonly","https://www.googleapis.com/auth/firebase","https://www.googleapis.com/auth/cloud-platform"]
[debug] [2025-04-08T19:37:03.224Z] > authorizing via signed-in user (ironfitacademia05@gmail.com)
[debug] [2025-04-08T19:37:03.224Z] [iam] checking project academia-iron for permissions ["firebase.projects.get","firebasehosting.sites.update"]
[debug] [2025-04-08T19:37:03.225Z] Checked if tokens are valid: false, expires at: 1743452982470
[debug] [2025-04-08T19:37:03.226Z] Checked if tokens are valid: false, expires at: 1743452982470
[debug] [2025-04-08T19:37:03.226Z] > refreshing access token with scopes: []
[debug] [2025-04-08T19:37:03.227Z] >>> [apiv2][query] POST https://www.googleapis.com/oauth2/v3/token [none]
[debug] [2025-04-08T19:37:03.227Z] >>> [apiv2][body] POST https://www.googleapis.com/oauth2/v3/token [omitted]
[debug] [2025-04-08T19:37:03.755Z] <<< [apiv2][status] GET https://firebase-public.firebaseio.com/cli.json 200
[debug] [2025-04-08T19:37:03.755Z] <<< [apiv2][body] GET https://firebase-public.firebaseio.com/cli.json {"cloudBuildErrorAfter":1594252800000,"cloudBuildWarnAfter":1590019200000,"defaultNode10After":1594252800000,"minVersion":"3.0.5","node8DeploysDisabledAfter":1613390400000,"node8RuntimeDisabledAfter":1615809600000,"node8WarnAfter":1600128000000}
[debug] [2025-04-08T19:37:28.260Z] *** [apiv2] error from fetch(https://www.googleapis.com/oauth2/v3/token, {"headers":{},"method":"POST","body":{"_overheadLength":545,"_valueLength":212,"_valuesToMeasure":[],"writable":false,"readable":true,"dataSize":0,"maxDataSize":2097152,"pauseStreams":true,"_released":true,"_streams":[],"_currentStream":null,"_insideLoop":false,"_pendingNext":false,"_boundary":"--------------------------604844944699948556593639","_events":{},"_eventsCount":1}}): FetchError: request to https://www.googleapis.com/oauth2/v3/token failed, reason: 
[error] Authentication Error: Your credentials are no longer valid. Please run firebase login --reauth

For CI servers and headless environments, generate a new token with firebase login:ci
[debug] [2025-04-08T19:37:28.261Z] [iam] error while checking permissions, command may fail: Authentication Error: Your credentials are no longer valid. Please run firebase login --reauth

For CI servers and headless environments, generate a new token with firebase login:ci
[debug] [2025-04-08T19:37:28.262Z] Checked if tokens are valid: false, expires at: 1743452982470
[debug] [2025-04-08T19:37:28.262Z] Checked if tokens are valid: false, expires at: 1743452982470
[debug] [2025-04-08T19:37:28.262Z] > refreshing access token with scopes: []
[debug] [2025-04-08T19:37:28.263Z] >>> [apiv2][query] POST https://www.googleapis.com/oauth2/v3/token [none]
[debug] [2025-04-08T19:37:28.263Z] >>> [apiv2][body] POST https://www.googleapis.com/oauth2/v3/token [omitted]
[debug] [2025-04-08T19:37:53.237Z] *** [apiv2] error from fetch(https://www.googleapis.com/oauth2/v3/token, {"headers":{},"method":"POST","body":{"_overheadLength":545,"_valueLength":212,"_valuesToMeasure":[],"writable":false,"readable":true,"dataSize":0,"maxDataSize":2097152,"pauseStreams":true,"_released":true,"_streams":[],"_currentStream":null,"_insideLoop":false,"_pendingNext":false,"_boundary":"--------------------------330375872018663769241504","_events":{},"_eventsCount":1}}): FetchError: request to https://www.googleapis.com/oauth2/v3/token failed, reason: 
[error] Authentication Error: Your credentials are no longer valid. Please run firebase login --reauth

For CI servers and headless environments, generate a new token with firebase login:ci
[debug] [2025-04-08T19:37:53.238Z] Authentication Error: Your credentials are no longer valid. Please run firebase login --reauth

For CI servers and headless environments, generate a new token with firebase login:ci
[debug] [2025-04-08T19:37:58.258Z] Error: Timed out.
    at Timeout._onTimeout (C:\Users\x523726\AppData\Roaming\npm\node_modules\firebase-tools\lib\utils.js:269:49)
    at listOnTimeout (node:internal/timers:581:17)
    at process.processTimers (node:internal/timers:519:7)
[error] 
[error] Error: An unexpected error has occurred.
[debug] [2025-04-08T19:38:13.912Z] ----------------------------------------------------------------------
[debug] [2025-04-08T19:38:13.917Z] Command:       C:\Program Files\nodejs\node.exe C:\Users\x523726\AppData\Roaming\npm\node_modules\firebase-tools\lib\bin\firebase.js deploy
[debug] [2025-04-08T19:38:13.918Z] CLI Version:   14.0.1
[debug] [2025-04-08T19:38:13.918Z] Platform:      win32
[debug] [2025-04-08T19:38:13.918Z] Node Version:  v20.18.0
[debug] [2025-04-08T19:38:13.918Z] Time:          Tue Apr 08 2025 16:38:13 GMT-0300 (Horário Padrão de Brasília)
[debug] [2025-04-08T19:38:13.918Z] ----------------------------------------------------------------------
[debug] 
[debug] [2025-04-08T19:38:14.171Z] > command requires scopes: ["email","openid","https://www.googleapis.com/auth/cloudplatformprojects.readonly","https://www.googleapis.com/auth/firebase","https://www.googleapis.com/auth/cloud-platform"]
[debug] [2025-04-08T19:38:14.171Z] > authorizing via signed-in user (ironfitacademia05@gmail.com)
[debug] [2025-04-08T19:38:14.171Z] [iam] checking project academia-iron for permissions ["firebase.projects.get","firebasehosting.sites.update"]
[debug] [2025-04-08T19:38:14.173Z] Checked if tokens are valid: false, expires at: 1743452982470
[debug] [2025-04-08T19:38:14.173Z] Checked if tokens are valid: false, expires at: 1743452982470
[debug] [2025-04-08T19:38:14.174Z] > refreshing access token with scopes: []
[debug] [2025-04-08T19:38:14.176Z] >>> [apiv2][query] POST https://www.googleapis.com/oauth2/v3/token [none]
[debug] [2025-04-08T19:38:14.176Z] >>> [apiv2][body] POST https://www.googleapis.com/oauth2/v3/token [omitted]
